<?xml version="1.0" encoding="UTF-8"?>
<!-- Generated by org.testng.reporters.JUnitReportReporter -->
<testsuite skipped="0" hostname="DESKTOP-IAU2M62" name="allPagesTest.PriceFilter" tests="1" failures="0" timestamp="09 Jan 2019 04:14:47 GMT" time="27.987" errors="0">
  <testcase name="priceFilter" time="27.987" classname="allPagesTest.PriceFilter"/>
</testsuite> <!-- allPagesTest.PriceFilter -->
