<?xml version="1.0" encoding="UTF-8"?>
<!-- Generated by org.testng.reporters.JUnitReportReporter -->
<testsuite skipped="0" hostname="DESKTOP-IAU2M62" name="allPagesTest.Walmart" tests="1" failures="0" timestamp="07 Jan 2019 01:34:57 GMT" time="11.096" errors="0">
  <testcase name="openBrowser" time="11.096" classname="allPagesTest.Walmart"/>
</testsuite> <!-- allPagesTest.Walmart -->
